#
# There is insufficient memory for the Java Runtime Environment to continue.
# Native memory allocation (malloc) failed to allocate 1147936 bytes for Chunk::new
# Possible reasons:
#   The system is out of physical RAM or swap space
#   The process is running with CompressedOops enabled, and the Java Heap may be blocking the growth of the native heap
# Possible solutions:
#   Reduce memory load on the system
#   Increase physical memory or swap space
#   Check if swap backing store is full
#   Decrease Java heap size (-Xmx/-Xms)
#   Decrease number of Java threads
#   Decrease Java thread stack sizes (-Xss)
#   Set larger code cache with -XX:ReservedCodeCacheSize=
#   JVM is running with Unscaled Compressed Oops mode in which the Java heap is
#     placed in the first 4GB address space. The Java Heap base address is the
#     maximum limit for the native heap growth. Please use -XX:HeapBaseMinAddress
#     to set the Java Heap base and to place the Java Heap above 4GB virtual address.
# This output file may be truncated or incomplete.
#
#  Out of Memory Error (allocation.cpp:389), pid=14528, tid=0x0000000000003048
#
# JRE version: Java(TM) SE Runtime Environment (8.0_271-b09) (build 1.8.0_271-b09)
# Java VM: Java HotSpot(TM) 64-Bit Server VM (25.271-b09 mixed mode windows-amd64 compressed oops)
# Failed to write core dump. Minidumps are not enabled by default on client versions of Windows
#

---------------  T H R E A D  ---------------

Current thread (0x0000023b017d3800):  JavaThread "C2 CompilerThread0" daemon [_thread_in_native, id=12360, stack(0x0000004e7d500000,0x0000004e7d600000)]

Stack: [0x0000004e7d500000,0x0000004e7d600000]
Native frames: (J=compiled Java code, j=interpreted, Vv=VM code, C=native code)
V  [jvm.dll+0x33f6c9]
V  [jvm.dll+0x286122]
V  [jvm.dll+0x286dcd]
V  [jvm.dll+0x27d805]
V  [jvm.dll+0xe574c]
V  [jvm.dll+0xe5f4c]
V  [jvm.dll+0x462b72]
V  [jvm.dll+0x49df9d]
V  [jvm.dll+0x452bf1]
V  [jvm.dll+0x44feb4]
V  [jvm.dll+0x43aef7]
V  [jvm.dll+0xbc3eb]
V  [jvm.dll+0xbaa4b]
V  [jvm.dll+0x24e7c2]
V  [jvm.dll+0x2a2dcc]
C  [ucrtbase.dll+0x1cd70]
C  [KERNEL32.DLL+0x8364]
C  [ntdll.dll+0x670b1]


Current CompileTask:
C2:   6386 2807       4       org.springframework.beans.factory.support.AbstractBeanFactory::isTypeMatch (607 bytes)


---------------  P R O C E S S  ---------------

Java Threads: ( => current thread )
  0x0000023b02384000 JavaThread "spring.cloud.inetutils" daemon [_thread_in_native, id=13952, stack(0x0000004e7dd00000,0x0000004e7de00000)]
  0x0000023b0187e000 JavaThread "Service Thread" daemon [_thread_blocked, id=6068, stack(0x0000004e7d800000,0x0000004e7d900000)]
  0x0000023b017e1800 JavaThread "C1 CompilerThread2" daemon [_thread_blocked, id=14016, stack(0x0000004e7d700000,0x0000004e7d800000)]
  0x0000023b017df000 JavaThread "C2 CompilerThread1" daemon [_thread_in_native, id=13908, stack(0x0000004e7d600000,0x0000004e7d700000)]
=>0x0000023b017d3800 JavaThread "C2 CompilerThread0" daemon [_thread_in_native, id=12360, stack(0x0000004e7d500000,0x0000004e7d600000)]
  0x0000023b017af000 JavaThread "Monitor Ctrl-Break" daemon [_thread_in_native, id=14888, stack(0x0000004e7d400000,0x0000004e7d500000)]
  0x0000023b0010b000 JavaThread "Attach Listener" daemon [_thread_blocked, id=3480, stack(0x0000004e7d300000,0x0000004e7d400000)]
  0x0000023b0010a000 JavaThread "Signal Dispatcher" daemon [_thread_blocked, id=11000, stack(0x0000004e7d200000,0x0000004e7d300000)]
  0x0000023b000df000 JavaThread "Finalizer" daemon [_thread_blocked, id=11360, stack(0x0000004e7d100000,0x0000004e7d200000)]
  0x0000023b000da000 JavaThread "Reference Handler" daemon [_thread_blocked, id=13436, stack(0x0000004e7d000000,0x0000004e7d100000)]
  0x0000023b69e4a800 JavaThread "main" [_thread_in_native, id=11584, stack(0x0000004e7ca00000,0x0000004e7cb00000)]

Other Threads:
  0x0000023b000b0800 VMThread [stack: 0x0000004e7cf00000,0x0000004e7d000000] [id=7080]
  0x0000023b0191d000 WatcherThread [stack: 0x0000004e7d900000,0x0000004e7da00000] [id=14292]

VM state:not at safepoint (normal execution)

VM Mutex/Monitor currently owned by a thread: None

heap address: 0x0000000081800000, size: 2024 MB, Compressed Oops mode: 32-bit
Narrow klass base: 0x0000000000000000, Narrow klass shift: 3
Compressed class space size: 1073741824 Address: 0x0000000100000000

Heap:
 PSYoungGen      total 129536K, used 62975K [0x00000000d5d80000, 0x00000000e2680000, 0x0000000100000000)
  eden space 124416K, 46% used [0x00000000d5d80000,0x00000000d9602180,0x00000000dd700000)
  from space 5120K, 99% used [0x00000000dd700000,0x00000000ddbfdaf8,0x00000000ddc00000)
  to   space 8192K, 0% used [0x00000000e1e80000,0x00000000e1e80000,0x00000000e2680000)
 ParOldGen       total 65024K, used 13185K [0x0000000081800000, 0x0000000085780000, 0x00000000d5d80000)
  object space 65024K, 20% used [0x0000000081800000,0x00000000824e06c0,0x0000000085780000)
 Metaspace       used 32325K, capacity 34270K, committed 34556K, reserved 1079296K
  class space    used 4407K, capacity 4776K, committed 4864K, reserved 1048576K

Card table byte_map: [0x0000023b7ac20000,0x0000023b7b020000] byte_map_base: 0x0000023b7a814000

Marking Bits: (ParMarkBitMap*) 0x000000006c1e7fe0
 Begin Bits: [0x0000023b7b2d0000, 0x0000023b7d270000)
 End Bits:   [0x0000023b7d270000, 0x0000023b7f210000)

Polling page: 0x0000023b69ff0000

CodeCache: size=245760Kb used=10919Kb max_used=10919Kb free=234841Kb
 bounds [0x0000023b6b860000, 0x0000023b6c310000, 0x0000023b7a860000]
 total_blobs=3461 nmethods=3063 adapters=310
 compilation: enabled

Compilation events (10 events):
Event: 6.360 Thread 0x0000023b017e1800 3056       3       org.springframework.transaction.annotation.AnnotationTransactionAttributeSource::determineTransactionAttribute (51 bytes)
Event: 6.360 Thread 0x0000023b017e1800 nmethod 3056 0x0000023b6c300650 code [0x0000023b6c300800, 0x0000023b6c300e60]
Event: 6.360 Thread 0x0000023b017e1800 3057       3       org.springframework.transaction.annotation.SpringTransactionAnnotationParser::parseTransactionAnnotation (21 bytes)
Event: 6.361 Thread 0x0000023b017e1800 nmethod 3057 0x0000023b6c301c10 code [0x0000023b6c301e40, 0x0000023b6c302850]
Event: 6.361 Thread 0x0000023b017e1800 3058       3       org.springframework.transaction.annotation.JtaTransactionAnnotationParser::parseTransactionAnnotation (19 bytes)
Event: 6.362 Thread 0x0000023b017e1800 nmethod 3058 0x0000023b6c303850 code [0x0000023b6c303a80, 0x0000023b6c304490]
Event: 6.362 Thread 0x0000023b017e1800 3050       3       org.springframework.context.annotation.CommonAnnotationBeanPostProcessor$$Lambda$408/1929476736::doWith (13 bytes)
Event: 6.362 Thread 0x0000023b017e1800 nmethod 3050 0x0000023b6c303390 code [0x0000023b6c303500, 0x0000023b6c3036b0]
Event: 6.364 Thread 0x0000023b017e1800 3060       3       sun.reflect.ByteVectorImpl::put (27 bytes)
Event: 6.364 Thread 0x0000023b017e1800 nmethod 3060 0x0000023b6c307f90 code [0x0000023b6c308100, 0x0000023b6c308330]

GC Heap History (10 events):
Event: 4.000 GC heap before
{Heap before GC invocations=7 (full 1):
 PSYoungGen      total 50688K, used 50046K [0x00000000d5d80000, 0x00000000daa00000, 0x0000000100000000)
  eden space 45568K, 99% used [0x00000000d5d80000,0x00000000d89f0d10,0x00000000d8a00000)
  from space 5120K, 88% used [0x00000000d8a00000,0x00000000d8e6ee08,0x00000000d8f00000)
  to   space 5120K, 0% used [0x00000000da500000,0x00000000da500000,0x00000000daa00000)
 ParOldGen       total 55808K, used 3461K [0x0000000081800000, 0x0000000084e80000, 0x00000000d5d80000)
  object space 55808K, 6% used [0x0000000081800000,0x0000000081b614b8,0x0000000084e80000)
 Metaspace       used 19964K, capacity 20872K, committed 21120K, reserved 1069056K
  class space    used 2678K, capacity 2909K, committed 2944K, reserved 1048576K
Event: 4.006 GC heap after
Heap after GC invocations=7 (full 1):
 PSYoungGen      total 73216K, used 4249K [0x00000000d5d80000, 0x00000000daf00000, 0x0000000100000000)
  eden space 68096K, 0% used [0x00000000d5d80000,0x00000000d5d80000,0x00000000da000000)
  from space 5120K, 82% used [0x00000000da500000,0x00000000da926460,0x00000000daa00000)
  to   space 5120K, 0% used [0x00000000da000000,0x00000000da000000,0x00000000da500000)
 ParOldGen       total 55808K, used 3469K [0x0000000081800000, 0x0000000084e80000, 0x00000000d5d80000)
  object space 55808K, 6% used [0x0000000081800000,0x0000000081b634b8,0x0000000084e80000)
 Metaspace       used 19964K, capacity 20872K, committed 21120K, reserved 1069056K
  class space    used 2678K, capacity 2909K, committed 2944K, reserved 1048576K
}
Event: 4.025 GC heap before
{Heap before GC invocations=8 (full 1):
 PSYoungGen      total 73216K, used 15537K [0x00000000d5d80000, 0x00000000daf00000, 0x0000000100000000)
  eden space 68096K, 16% used [0x00000000d5d80000,0x00000000d68860e8,0x00000000da000000)
  from space 5120K, 82% used [0x00000000da500000,0x00000000da926460,0x00000000daa00000)
  to   space 5120K, 0% used [0x00000000da000000,0x00000000da000000,0x00000000da500000)
 ParOldGen       total 55808K, used 3469K [0x0000000081800000, 0x0000000084e80000, 0x00000000d5d80000)
  object space 55808K, 6% used [0x0000000081800000,0x0000000081b634b8,0x0000000084e80000)
 Metaspace       used 20397K, capacity 21354K, committed 21552K, reserved 1069056K
  class space    used 2723K, capacity 2942K, committed 2944K, reserved 1048576K
Event: 4.030 GC heap after
Heap after GC invocations=8 (full 1):
 PSYoungGen      total 73216K, used 3816K [0x00000000d5d80000, 0x00000000de100000, 0x0000000100000000)
  eden space 68096K, 0% used [0x00000000d5d80000,0x00000000d5d80000,0x00000000da000000)
  from space 5120K, 74% used [0x00000000da000000,0x00000000da3ba060,0x00000000da500000)
  to   space 5120K, 0% used [0x00000000ddc00000,0x00000000ddc00000,0x00000000de100000)
 ParOldGen       total 55808K, used 3469K [0x0000000081800000, 0x0000000084e80000, 0x00000000d5d80000)
  object space 55808K, 6% used [0x0000000081800000,0x0000000081b634b8,0x0000000084e80000)
 Metaspace       used 20397K, capacity 21354K, committed 21552K, reserved 1069056K
  class space    used 2723K, capacity 2942K, committed 2944K, reserved 1048576K
}
Event: 4.045 GC heap before
{Heap before GC invocations=9 (full 1):
 PSYoungGen      total 73216K, used 9141K [0x00000000d5d80000, 0x00000000de100000, 0x0000000100000000)
  eden space 68096K, 7% used [0x00000000d5d80000,0x00000000d62b3780,0x00000000da000000)
  from space 5120K, 74% used [0x00000000da000000,0x00000000da3ba060,0x00000000da500000)
  to   space 5120K, 0% used [0x00000000ddc00000,0x00000000ddc00000,0x00000000de100000)
 ParOldGen       total 55808K, used 3469K [0x0000000081800000, 0x0000000084e80000, 0x00000000d5d80000)
  object space 55808K, 6% used [0x0000000081800000,0x0000000081b634b8,0x0000000084e80000)
 Metaspace       used 20734K, capacity 21610K, committed 21628K, reserved 1069056K
  class space    used 2744K, capacity 2942K, committed 2944K, reserved 1048576K
Event: 4.050 GC heap after
Heap after GC invocations=9 (full 1):
 PSYoungGen      total 129536K, used 2801K [0x00000000d5d80000, 0x00000000de500000, 0x0000000100000000)
  eden space 124416K, 0% used [0x00000000d5d80000,0x00000000d5d80000,0x00000000dd700000)
  from space 5120K, 54% used [0x00000000ddc00000,0x00000000ddebc7d0,0x00000000de100000)
  to   space 5120K, 0% used [0x00000000dd700000,0x00000000dd700000,0x00000000ddc00000)
 ParOldGen       total 55808K, used 4464K [0x0000000081800000, 0x0000000084e80000, 0x00000000d5d80000)
  object space 55808K, 8% used [0x0000000081800000,0x0000000081c5c368,0x0000000084e80000)
 Metaspace       used 20734K, capacity 21610K, committed 21628K, reserved 1069056K
  class space    used 2744K, capacity 2942K, committed 2944K, reserved 1048576K
}
Event: 4.050 GC heap before
{Heap before GC invocations=10 (full 2):
 PSYoungGen      total 129536K, used 2801K [0x00000000d5d80000, 0x00000000de500000, 0x0000000100000000)
  eden space 124416K, 0% used [0x00000000d5d80000,0x00000000d5d80000,0x00000000dd700000)
  from space 5120K, 54% used [0x00000000ddc00000,0x00000000ddebc7d0,0x00000000de100000)
  to   space 5120K, 0% used [0x00000000dd700000,0x00000000dd700000,0x00000000ddc00000)
 ParOldGen       total 55808K, used 4464K [0x0000000081800000, 0x0000000084e80000, 0x00000000d5d80000)
  object space 55808K, 8% used [0x0000000081800000,0x0000000081c5c368,0x0000000084e80000)
 Metaspace       used 20734K, capacity 21610K, committed 21628K, reserved 1069056K
  class space    used 2744K, capacity 2942K, committed 2944K, reserved 1048576K
Event: 4.080 GC heap after
Heap after GC invocations=10 (full 2):
 PSYoungGen      total 129536K, used 0K [0x00000000d5d80000, 0x00000000de500000, 0x0000000100000000)
  eden space 124416K, 0% used [0x00000000d5d80000,0x00000000d5d80000,0x00000000dd700000)
  from space 5120K, 0% used [0x00000000ddc00000,0x00000000ddc00000,0x00000000de100000)
  to   space 5120K, 0% used [0x00000000dd700000,0x00000000dd700000,0x00000000ddc00000)
 ParOldGen       total 65024K, used 6269K [0x0000000081800000, 0x0000000085780000, 0x00000000d5d80000)
  object space 65024K, 9% used [0x0000000081800000,0x0000000081e1f530,0x0000000085780000)
 Metaspace       used 20734K, capacity 21610K, committed 21628K, reserved 1069056K
  class space    used 2744K, capacity 2942K, committed 2944K, reserved 1048576K
}
Event: 5.579 GC heap before
{Heap before GC invocations=11 (full 2):
 PSYoungGen      total 129536K, used 124416K [0x00000000d5d80000, 0x00000000de500000, 0x0000000100000000)
  eden space 124416K, 100% used [0x00000000d5d80000,0x00000000dd700000,0x00000000dd700000)
  from space 5120K, 0% used [0x00000000ddc00000,0x00000000ddc00000,0x00000000de100000)
  to   space 5120K, 0% used [0x00000000dd700000,0x00000000dd700000,0x00000000ddc00000)
 ParOldGen       total 65024K, used 6269K [0x0000000081800000, 0x0000000085780000, 0x00000000d5d80000)
  object space 65024K, 9% used [0x0000000081800000,0x0000000081e1f530,0x0000000085780000)
 Metaspace       used 28394K, capacity 29772K, committed 30076K, reserved 1077248K
  class space    used 3826K, capacity 4121K, committed 4224K, reserved 1048576K
Event: 5.597 GC heap after
Heap after GC invocations=11 (full 2):
 PSYoungGen      total 129536K, used 5110K [0x00000000d5d80000, 0x00000000e2680000, 0x0000000100000000)
  eden space 124416K, 0% used [0x00000000d5d80000,0x00000000d5d80000,0x00000000dd700000)
  from space 5120K, 99% used [0x00000000dd700000,0x00000000ddbfdaf8,0x00000000ddc00000)
  to   space 8192K, 0% used [0x00000000e1e80000,0x00000000e1e80000,0x00000000e2680000)
 ParOldGen       total 65024K, used 13185K [0x0000000081800000, 0x0000000085780000, 0x00000000d5d80000)
  object space 65024K, 20% used [0x0000000081800000,0x00000000824e06c0,0x0000000085780000)
 Metaspace       used 28394K, capacity 29772K, committed 30076K, reserved 1077248K
  class space    used 3826K, capacity 4121K, committed 4224K, reserved 1048576K
}

Deoptimization events (10 events):
Event: 6.136 Thread 0x0000023b69e4a800 Uncommon trap: reason=unstable_if action=reinterpret pc=0x0000023b6bffd120 method=org.springframework.util.ConcurrentReferenceHashMap$Segment.findInChain(Lorg/springframework/util/ConcurrentReferenceHashMap$Reference;Ljava/lang/Object;I)Lorg/springframewo
Event: 6.137 Thread 0x0000023b69e4a800 Uncommon trap: reason=unstable_if action=reinterpret pc=0x0000023b6c002c94 method=org.springframework.util.ConcurrentReferenceHashMap$Segment.findInChain(Lorg/springframework/util/ConcurrentReferenceHashMap$Reference;Ljava/lang/Object;I)Lorg/springframewo
Event: 6.203 Thread 0x0000023b69e4a800 Uncommon trap: reason=unstable_if action=reinterpret pc=0x0000023b6bea1670 method=java.util.Properties$LineReader.readLine()I @ 252
Event: 6.203 Thread 0x0000023b69e4a800 Uncommon trap: reason=unstable_if action=reinterpret pc=0x0000023b6be1ecd4 method=java.util.Properties$LineReader.readLine()I @ 252
Event: 6.211 Thread 0x0000023b69e4a800 Uncommon trap: reason=unstable_if action=reinterpret pc=0x0000023b6c1c8584 method=java.io.WinNTFileSystem.isLetter(C)Z @ 15
Event: 6.235 Thread 0x0000023b69e4a800 Uncommon trap: reason=unstable_if action=reinterpret pc=0x0000023b6bdf3204 method=java.util.concurrent.ConcurrentHashMap.get(Ljava/lang/Object;)Ljava/lang/Object; @ 76
Event: 6.235 Thread 0x0000023b69e4a800 Uncommon trap: reason=class_check action=maybe_recompile pc=0x0000023b6c1c4ee4 method=java.util.concurrent.ConcurrentHashMap.putVal(Ljava/lang/Object;Ljava/lang/Object;Z)Ljava/lang/Object; @ 192
Event: 6.255 Thread 0x0000023b69e4a800 Uncommon trap: reason=class_check action=maybe_recompile pc=0x0000023b6c1c4ee4 method=java.util.concurrent.ConcurrentHashMap.putVal(Ljava/lang/Object;Ljava/lang/Object;Z)Ljava/lang/Object; @ 192
Event: 6.272 Thread 0x0000023b69e4a800 Uncommon trap: reason=class_check action=maybe_recompile pc=0x0000023b6c1c4ee4 method=java.util.concurrent.ConcurrentHashMap.putVal(Ljava/lang/Object;Ljava/lang/Object;Z)Ljava/lang/Object; @ 192
Event: 6.274 Thread 0x0000023b69e4a800 Uncommon trap: reason=class_check action=maybe_recompile pc=0x0000023b6c1c4ee4 method=java.util.concurrent.ConcurrentHashMap.putVal(Ljava/lang/Object;Ljava/lang/Object;Z)Ljava/lang/Object; @ 192

Classes redefined (0 events):
No events

Internal exceptions (10 events):
Event: 6.050 Thread 0x0000023b69e4a800 Exception <a 'java/lang/NoSuchMethodError': java.lang.Object.lambda$thenComparing$36697e65$1(Ljava/util/Comparator;Ljava/lang/Object;Ljava/lang/Object;)I> (0x00000000d809f010) thrown at [C:\jenkins\workspace\8-2-build-windows-amd64-cygwin\jdk8u271\605\hot
Event: 6.117 Thread 0x0000023b69e4a800 Exception <a 'java/lang/ClassNotFoundException': java/lang/ObjectCustomizer> (0x00000000d84d2fa8) thrown at [C:\jenkins\workspace\8-2-build-windows-amd64-cygwin\jdk8u271\605\hotspot\src\share\vm\classfile\systemDictionary.cpp, line 212]
Event: 6.118 Thread 0x0000023b69e4a800 Exception <a 'java/lang/ClassNotFoundException': org/springframework/transaction/annotation/AbstractTransactionManagementConfigurationCustomizer> (0x00000000d8507318) thrown at [C:\jenkins\workspace\8-2-build-windows-amd64-cygwin\jdk8u271\605\hotspot\src\
Event: 6.119 Thread 0x0000023b69e4a800 Exception <a 'java/lang/ClassNotFoundException': org/springframework/transaction/annotation/ProxyTransactionManagementConfigurationCustomizer> (0x00000000d8539628) thrown at [C:\jenkins\workspace\8-2-build-windows-amd64-cygwin\jdk8u271\605\hotspot\src\sha
Event: 6.120 Thread 0x0000023b69e4a800 Exception <a 'java/lang/ClassNotFoundException': org/springframework/context/annotation/ImportAwareCustomizer> (0x00000000d8560d38) thrown at [C:\jenkins\workspace\8-2-build-windows-amd64-cygwin\jdk8u271\605\hotspot\src\share\vm\classfile\systemDictionary
Event: 6.121 Thread 0x0000023b69e4a800 Exception <a 'java/lang/ClassNotFoundException': org/springframework/beans/factory/AwareCustomizer> (0x00000000d8580028) thrown at [C:\jenkins\workspace\8-2-build-windows-amd64-cygwin\jdk8u271\605\hotspot\src\share\vm\classfile\systemDictionary.cpp, line 
Event: 6.122 Thread 0x0000023b69e4a800 Implicit null exception at 0x0000023b6c23f08c to 0x0000023b6c23f201
Event: 6.170 Thread 0x0000023b69e4a800 Exception <a 'java/lang/NoSuchMethodError': java.lang.Object.lambda$map$1(Ljava/util/function/Function;)Ljava/util/stream/Stream;> (0x00000000d8914de8) thrown at [C:\jenkins\workspace\8-2-build-windows-amd64-cygwin\jdk8u271\605\hotspot\src\share\vm\interp
Event: 6.301 Thread 0x0000023b69e4a800 Exception <a 'java/lang/IncompatibleClassChangeError': Found class java.lang.Object, but interface was expected> (0x00000000d8fe88f0) thrown at [C:\jenkins\workspace\8-2-build-windows-amd64-cygwin\jdk8u271\605\hotspot\src\share\vm\interpreter\linkResolver
Event: 6.307 Thread 0x0000023b69e4a800 Exception <a 'java/lang/NoSuchMethodError': java.lang.Object.lambda$and$0(Ljava/util/function/Predicate;Ljava/lang/Object;)Z> (0x00000000d902ecf8) thrown at [C:\jenkins\workspace\8-2-build-windows-amd64-cygwin\jdk8u271\605\hotspot\src\share\vm\interpreter

Events (10 events):
Event: 6.363 loading class javax/servlet/MultipartConfigElement
Event: 6.363 loading class javax/servlet/MultipartConfigElement done
Event: 6.363 loading class javax/servlet/MultipartConfigElement
Event: 6.363 loading class javax/servlet/MultipartConfigElement done
Event: 6.363 loading class org/springframework/boot/autoconfigure/web/servlet/DispatcherServletRegistrationBean
Event: 6.363 loading class org/springframework/boot/autoconfigure/web/servlet/DispatcherServletRegistrationBean done
Event: 6.365 loading class org/springframework/boot/context/properties/source/UnboundElementsSourceFilter
Event: 6.365 loading class org/springframework/boot/context/properties/source/UnboundElementsSourceFilter done
Event: 6.366 loading class org/springframework/boot/context/properties/bind/handler/NoUnboundElementsBindHandler
Event: 6.366 loading class org/springframework/boot/context/properties/bind/handler/NoUnboundElementsBindHandler done


Dynamic libraries:
0x00007ff7606c0000 - 0x00007ff760707000 	C:\Program Files\Java\jdk1.8.0_271\bin\java.exe
0x00007ffbabc70000 - 0x00007ffbabe42000 	C:\WINDOWS\SYSTEM32\ntdll.dll
0x00007ffba9cd0000 - 0x00007ffba9d7c000 	C:\WINDOWS\System32\KERNEL32.DLL
0x00007ffba83f0000 - 0x00007ffba860d000 	C:\WINDOWS\System32\KERNELBASE.dll
0x00007ffba9200000 - 0x00007ffba92a2000 	C:\WINDOWS\System32\ADVAPI32.dll
0x00007ffbab8e0000 - 0x00007ffbab97e000 	C:\WINDOWS\System32\msvcrt.dll
0x00007ffbab980000 - 0x00007ffbab9d9000 	C:\WINDOWS\System32\sechost.dll
0x00007ffba9800000 - 0x00007ffba9921000 	C:\WINDOWS\System32\RPCRT4.dll
0x00007ffba9420000 - 0x00007ffba9585000 	C:\WINDOWS\System32\USER32.dll
0x00007ffba8ec0000 - 0x00007ffba8ede000 	C:\WINDOWS\System32\win32u.dll
0x00007ffba93c0000 - 0x00007ffba93f4000 	C:\WINDOWS\System32\GDI32.dll
0x00007ffba8270000 - 0x00007ffba83f0000 	C:\WINDOWS\System32\gdi32full.dll
0x00007ffb94c10000 - 0x00007ffb94e8a000 	C:\WINDOWS\WinSxS\amd64_microsoft.windows.common-controls_6595b64144ccf1df_6.0.14393.953_none_42151e83c686086b\COMCTL32.dll
0x00007ffba9940000 - 0x00007ffba9c08000 	C:\WINDOWS\System32\combase.dll
0x00007ffba8170000 - 0x00007ffba8265000 	C:\WINDOWS\System32\ucrtbase.dll
0x00007ffba8d40000 - 0x00007ffba8daa000 	C:\WINDOWS\System32\bcryptPrimitives.dll
0x00007ffbab9e0000 - 0x00007ffbaba0e000 	C:\WINDOWS\System32\IMM32.DLL
0x00007ffba5ed0000 - 0x00007ffba5ee5000 	C:\Program Files\Java\jdk1.8.0_271\jre\bin\vcruntime140.dll
0x00007ffb8c000000 - 0x00007ffb8c09b000 	C:\Program Files\Java\jdk1.8.0_271\jre\bin\msvcp140.dll
0x000000006b9f0000 - 0x000000006c25f000 	C:\Program Files\Java\jdk1.8.0_271\jre\bin\server\jvm.dll
0x00007ffba92b0000 - 0x00007ffba92b8000 	C:\WINDOWS\System32\PSAPI.DLL
0x00007ffb944b0000 - 0x00007ffb944b9000 	C:\WINDOWS\SYSTEM32\WSOCK32.dll
0x00007ffba9ec0000 - 0x00007ffba9f2a000 	C:\WINDOWS\System32\WS2_32.dll
0x00007ffba60d0000 - 0x00007ffba60f3000 	C:\WINDOWS\SYSTEM32\WINMM.dll
0x00007ffb9ec60000 - 0x00007ffb9ec6a000 	C:\WINDOWS\SYSTEM32\VERSION.dll
0x00007ffba60a0000 - 0x00007ffba60cb000 	C:\WINDOWS\SYSTEM32\WINMMBASE.dll
0x00007ffba8610000 - 0x00007ffba8652000 	C:\WINDOWS\System32\cfgmgr32.dll
0x00007ffba8100000 - 0x00007ffba810f000 	C:\WINDOWS\System32\kernel.appcore.dll
0x00007ffba6050000 - 0x00007ffba6060000 	C:\Program Files\Java\jdk1.8.0_271\jre\bin\verify.dll
0x00007ffba5ea0000 - 0x00007ffba5ecb000 	C:\Program Files\Java\jdk1.8.0_271\jre\bin\java.dll
0x00007ffba5720000 - 0x00007ffba5750000 	C:\Program Files\Java\jdk1.8.0_271\jre\bin\instrument.dll
0x00007ffba1060000 - 0x00007ffba1078000 	C:\Program Files\Java\jdk1.8.0_271\jre\bin\zip.dll
0x00007ffba9f30000 - 0x00007ffbab439000 	C:\WINDOWS\System32\SHELL32.dll
0x00007ffba8660000 - 0x00007ffba8d39000 	C:\WINDOWS\System32\windows.storage.dll
0x00007ffba8110000 - 0x00007ffba815c000 	C:\WINDOWS\System32\powrprof.dll
0x00007ffbaba10000 - 0x00007ffbaba62000 	C:\WINDOWS\System32\shlwapi.dll
0x00007ffba8ee0000 - 0x00007ffba8f89000 	C:\WINDOWS\System32\shcore.dll
0x00007ffba80e0000 - 0x00007ffba80f4000 	C:\WINDOWS\System32\profapi.dll
0x00007ffb96340000 - 0x00007ffb9635a000 	C:\Program Files\JetBrains\IntelliJ IDEA Community Edition 2019.3.5\bin\breakgen64.dll
0x00007ffb962d0000 - 0x00007ffb962ec000 	C:\Program Files\Java\jdk1.8.0_271\jre\bin\net.dll
0x00007ffba79b0000 - 0x00007ffba7a0c000 	C:\WINDOWS\system32\mswsock.dll
0x00007ffba7730000 - 0x00007ffba7768000 	C:\WINDOWS\SYSTEM32\IPHLPAPI.DLL
0x00007ffba97f0000 - 0x00007ffba97f8000 	C:\WINDOWS\System32\NSI.dll
0x00007ffba17a0000 - 0x00007ffba17b6000 	C:\WINDOWS\SYSTEM32\dhcpcsvc6.DLL
0x00007ffba16c0000 - 0x00007ffba16da000 	C:\WINDOWS\SYSTEM32\dhcpcsvc.DLL
0x00007ffba7770000 - 0x00007ffba7811000 	C:\WINDOWS\SYSTEM32\DNSAPI.dll
0x00007ffba5f00000 - 0x00007ffba5f0d000 	C:\Program Files\Java\jdk1.8.0_271\jre\bin\management.dll
0x00007ffb98140000 - 0x00007ffb98156000 	C:\WINDOWS\system32\napinsp.dll
0x00007ffb98120000 - 0x00007ffb9813a000 	C:\WINDOWS\system32\pnrpnsp.dll
0x00007ffba5cb0000 - 0x00007ffba5cc8000 	C:\WINDOWS\system32\NLAapi.dll
0x00007ffb98600000 - 0x00007ffb9860e000 	C:\WINDOWS\System32\winrnr.dll
0x00007ffb98100000 - 0x00007ffb98115000 	C:\WINDOWS\System32\wshbth.dll
0x00007ffb97a90000 - 0x00007ffb97a9a000 	C:\Windows\System32\rasadhlp.dll
0x00007ffba1a20000 - 0x00007ffba1a8a000 	C:\WINDOWS\System32\fwpuclnt.dll
0x00007ffba8020000 - 0x00007ffba804b000 	C:\WINDOWS\SYSTEM32\bcrypt.dll
0x00007ffb962b0000 - 0x00007ffb962c3000 	C:\Program Files\Java\jdk1.8.0_271\jre\bin\nio.dll
0x00007ffb99f80000 - 0x00007ffb9a112000 	C:\WINDOWS\SYSTEM32\dbghelp.dll

VM Arguments:
jvm_args: -javaagent:C:\Program Files\JetBrains\IntelliJ IDEA Community Edition 2019.3.5\lib\idea_rt.jar=55638:C:\Program Files\JetBrains\IntelliJ IDEA Community Edition 2019.3.5\bin -Dfile.encoding=UTF-8 
java_command: co.id.danafix.DanafixUserApplication
java_class_path (initial): C:\Program Files\Java\jdk1.8.0_271\jre\lib\charsets.jar;C:\Program Files\Java\jdk1.8.0_271\jre\lib\deploy.jar;C:\Program Files\Java\jdk1.8.0_271\jre\lib\ext\access-bridge-64.jar;C:\Program Files\Java\jdk1.8.0_271\jre\lib\ext\cldrdata.jar;C:\Program Files\Java\jdk1.8.0_271\jre\lib\ext\dnsns.jar;C:\Program Files\Java\jdk1.8.0_271\jre\lib\ext\jaccess.jar;C:\Program Files\Java\jdk1.8.0_271\jre\lib\ext\jfxrt.jar;C:\Program Files\Java\jdk1.8.0_271\jre\lib\ext\localedata.jar;C:\Program Files\Java\jdk1.8.0_271\jre\lib\ext\nashorn.jar;C:\Program Files\Java\jdk1.8.0_271\jre\lib\ext\sunec.jar;C:\Program Files\Java\jdk1.8.0_271\jre\lib\ext\sunjce_provider.jar;C:\Program Files\Java\jdk1.8.0_271\jre\lib\ext\sunmscapi.jar;C:\Program Files\Java\jdk1.8.0_271\jre\lib\ext\sunpkcs11.jar;C:\Program Files\Java\jdk1.8.0_271\jre\lib\ext\zipfs.jar;C:\Program Files\Java\jdk1.8.0_271\jre\lib\javaws.jar;C:\Program Files\Java\jdk1.8.0_271\jre\lib\jce.jar;C:\Program Files\Java\jdk1.8.0_271\jre\lib\jfr.jar;C:\Program Files\Java\jdk1.8.0_271\jre\lib\jfxswt.jar;C:\Program Files\Java\jdk1.8.0_271\jre\lib\jsse.jar;C:\Program Files\Java\jdk1.8.0_271\jre\lib\management-agent.jar;C:\Program Files\Java\jdk1.8.0_271\jre\lib\plugin.jar;C:\Program Files\Java\jdk1.8.0_271\jre\lib\resources.jar;C:\Program Files\Java\jdk1.8.0_271\jre\lib\rt.jar;C:\Users\Dicky Adriansyah\Documents\ProjectDickyTest\DANAFIX\danafix-user\target\classes;C:\Users\Dicky Adriansyah\.m2\repository\org\springframework\boot\spring-boot-starter-data-jpa\2.4.1\spring-boot-starter-data-jpa-2.4.1.jar;C:\Users\Dicky Adriansyah\.m2\repository\org\springframework\boot\spring-boot-starter-aop\2.4.1\spring-boot-starter-aop-2.4.1.jar;C:\Users\Dicky Adriansyah\.m2\repository\org\springframework\spring-aop\5.3.2\spring-aop-5.3.2.jar;C:\Users\Dicky Adriansyah\.m2\repository\org\aspectj\aspectjweaver\1.9.6\aspectjweaver-1.9.6.jar;C:\Users\Dicky Adriansyah\.m2\repository\org\springframework\boot\spring-boot-starter-jdbc\2.4
Launcher Type: SUN_STANDARD

Environment Variables:
JAVA_HOME=C:\Program Files\Java\jdk1.8.0_271
PATH=C:\Program Files\Docker\Docker\Resources\bin;C:\Program Files (x86)\Common Files\Oracle\Java\javapath;C:\Program Files (x86)\Intel\iCLS Client\;C:\Program Files\Intel\iCLS Client\;C:\WINDOWS\system32;C:\WINDOWS;C:\WINDOWS\System32\Wbem;C:\WINDOWS\System32\WindowsPowerShell\v1.0\;c:\Program Files\Intel\WiFi\bin\;c:\Program Files\Common Files\Intel\WirelessCommon\;C:\Program Files (x86)\Intel\Intel(R) Management Engine Components\DAL;C:\Program Files\Intel\Intel(R) Management Engine Components\DAL;C:\Program Files (x86)\Intel\Intel(R) Management Engine Components\IPT;C:\Program Files\Intel\Intel(R) Management Engine Components\IPT;C:\Program Files\Java\jdk1.8.0_271\bin;C:\Program Files\apache-maven-3.6.3\bin;C:\ProgramData\chocolatey\bin;C:\Program Files\PuTTY\;C:\Users\Dicky Adriansyah\AppData\Local\Microsoft\WindowsApps;C:\Users\Dicky Adriansyah\AppData\Local\Programs\Git\cmd;C:\Users\Dicky Adriansyah\AppData\Local\Programs\Git\mingw64\bin;C:\Users\Dicky Adriansyah\AppData\Local\Programs\Git\usr\bin
USERNAME=Dicky Adriansyah
OS=Windows_NT
PROCESSOR_IDENTIFIER=Intel64 Family 6 Model 78 Stepping 3, GenuineIntel



---------------  S Y S T E M  ---------------

OS: Windows 10.0 , 64 bit Build 14393 (10.0.14393.2214)

CPU:total 4 (initial active 4) (2 cores per cpu, 2 threads per core) family 6 model 78 stepping 3, cmov, cx8, fxsr, mmx, sse, sse2, sse3, ssse3, sse4.1, sse4.2, popcnt, avx, avx2, aes, clmul, erms, 3dnowpref, lzcnt, ht, tsc, tscinvbit, bmi1, bmi2, adx

Memory: 4k page, physical 8283572k(570968k free), swap 12477876k(5392k free)

vm_info: Java HotSpot(TM) 64-Bit Server VM (25.271-b09) for windows-amd64 JRE (1.8.0_271-b09), built on Sep 16 2020 19:14:59 by "" with MS VC++ 15.9 (VS2017)

time: Thu Jan  7 15:49:39 2021
timezone: SE Asia Standard Time
elapsed time: 6.389062 seconds (0d 0h 0m 6s)

