#
# There is insufficient memory for the Java Runtime Environment to continue.
# Native memory allocation (malloc) failed to allocate 1213536 bytes for Chunk::new
# Possible reasons:
#   The system is out of physical RAM or swap space
#   The process is running with CompressedOops enabled, and the Java Heap may be blocking the growth of the native heap
# Possible solutions:
#   Reduce memory load on the system
#   Increase physical memory or swap space
#   Check if swap backing store is full
#   Decrease Java heap size (-Xmx/-Xms)
#   Decrease number of Java threads
#   Decrease Java thread stack sizes (-Xss)
#   Set larger code cache with -XX:ReservedCodeCacheSize=
#   JVM is running with Unscaled Compressed Oops mode in which the Java heap is
#     placed in the first 4GB address space. The Java Heap base address is the
#     maximum limit for the native heap growth. Please use -XX:HeapBaseMinAddress
#     to set the Java Heap base and to place the Java Heap above 4GB virtual address.
# This output file may be truncated or incomplete.
#
#  Out of Memory Error (allocation.cpp:389), pid=2544, tid=0x0000000000000eb8
#
# JRE version: Java(TM) SE Runtime Environment (8.0_271-b09) (build 1.8.0_271-b09)
# Java VM: Java HotSpot(TM) 64-Bit Server VM (25.271-b09 mixed mode windows-amd64 compressed oops)
# Failed to write core dump. Minidumps are not enabled by default on client versions of Windows
#

---------------  T H R E A D  ---------------

Current thread (0x0000027756229000):  JavaThread "C2 CompilerThread0" daemon [_thread_in_native, id=3768, stack(0x000000d90cd00000,0x000000d90ce00000)]

Stack: [0x000000d90cd00000,0x000000d90ce00000]
Native frames: (J=compiled Java code, j=interpreted, Vv=VM code, C=native code)
V  [jvm.dll+0x33f6c9]
V  [jvm.dll+0x286122]
V  [jvm.dll+0x286dcd]
V  [jvm.dll+0x27d805]
V  [jvm.dll+0xe574c]
V  [jvm.dll+0xe5f4c]
V  [jvm.dll+0x462b72]
V  [jvm.dll+0x49df9d]
V  [jvm.dll+0x452bf1]
V  [jvm.dll+0x44feb4]
V  [jvm.dll+0x43aef7]
V  [jvm.dll+0xbc3eb]
V  [jvm.dll+0xbaa4b]
V  [jvm.dll+0x24e7c2]
V  [jvm.dll+0x2a2dcc]
C  [ucrtbase.dll+0x1cd70]
C  [KERNEL32.DLL+0x8364]
C  [ntdll.dll+0x670b1]


Current CompileTask:
C2:   8629 3549       4       java.util.function.BiPredicate$$Lambda$36/1853205005::test (14 bytes)


---------------  P R O C E S S  ---------------

Java Threads: ( => current thread )
  0x0000027756f18000 JavaThread "spring.cloud.inetutils" daemon [_thread_in_native, id=1060, stack(0x000000d90db00000,0x000000d90dc00000)]
  0x00000277562f0800 JavaThread "Service Thread" daemon [_thread_blocked, id=15204, stack(0x000000d90d000000,0x000000d90d100000)]
  0x000002775625b000 JavaThread "C1 CompilerThread2" daemon [_thread_blocked, id=12556, stack(0x000000d90cf00000,0x000000d90d000000)]
  0x0000027756258800 JavaThread "C2 CompilerThread1" daemon [_thread_blocked, id=13532, stack(0x000000d90ce00000,0x000000d90cf00000)]
=>0x0000027756229000 JavaThread "C2 CompilerThread0" daemon [_thread_in_native, id=3768, stack(0x000000d90cd00000,0x000000d90ce00000)]
  0x000002775624c800 JavaThread "Monitor Ctrl-Break" daemon [_thread_in_native, id=8740, stack(0x000000d90cc00000,0x000000d90cd00000)]
  0x0000027754d23800 JavaThread "Attach Listener" daemon [_thread_blocked, id=13500, stack(0x000000d90cb00000,0x000000d90cc00000)]
  0x0000027754d23000 JavaThread "Signal Dispatcher" daemon [_thread_blocked, id=9596, stack(0x000000d90ca00000,0x000000d90cb00000)]
  0x000002773eaec800 JavaThread "Finalizer" daemon [_thread_blocked, id=14028, stack(0x000000d90c900000,0x000000d90ca00000)]
  0x0000027754d03000 JavaThread "Reference Handler" daemon [_thread_blocked, id=7852, stack(0x000000d90c800000,0x000000d90c900000)]
  0x000002773ea47000 JavaThread "main" [_thread_in_vm, id=4188, stack(0x000000d90c200000,0x000000d90c300000)]

Other Threads:
  0x0000027754cdf800 VMThread [stack: 0x000000d90c700000,0x000000d90c800000] [id=15028]
  0x0000027756365800 WatcherThread [stack: 0x000000d90d100000,0x000000d90d200000] [id=9472]

VM state:not at safepoint (normal execution)

VM Mutex/Monitor currently owned by a thread: None

heap address: 0x0000000081800000, size: 2024 MB, Compressed Oops mode: 32-bit
Narrow klass base: 0x0000000000000000, Narrow klass shift: 3
Compressed class space size: 1073741824 Address: 0x0000000100000000

Heap:
 PSYoungGen      total 203264K, used 46390K [0x00000000d5d80000, 0x00000000e4c80000, 0x0000000100000000)
  eden space 192512K, 24% used [0x00000000d5d80000,0x00000000d8acdb68,0x00000000e1980000)
  from space 10752K, 0% used [0x00000000e2500000,0x00000000e2500000,0x00000000e2f80000)
  to   space 11776K, 0% used [0x00000000e1980000,0x00000000e1980000,0x00000000e2500000)
 ParOldGen       total 52736K, used 14849K [0x0000000081800000, 0x0000000084b80000, 0x00000000d5d80000)
  object space 52736K, 28% used [0x0000000081800000,0x00000000826807b0,0x0000000084b80000)
 Metaspace       used 36031K, capacity 37800K, committed 37888K, reserved 1081344K
  class space    used 4704K, capacity 5051K, committed 5120K, reserved 1048576K

Card table byte_map: [0x000002774f740000,0x000002774fb40000] byte_map_base: 0x000002774f334000

Marking Bits: (ParMarkBitMap*) 0x000000006c1e7fe0
 Begin Bits: [0x000002774fdf0000, 0x0000027751d90000)
 End Bits:   [0x0000027751d90000, 0x0000027753d30000)

Polling page: 0x000002773eb00000

CodeCache: size=245760Kb used=11355Kb max_used=11376Kb free=234404Kb
 bounds [0x0000027740380000, 0x0000027740eb0000, 0x000002774f380000]
 total_blobs=3772 nmethods=3353 adapters=330
 compilation: disabled (not enough contiguous free space left)

Compilation events (10 events):
Event: 8.569 Thread 0x000002775625b000 nmethod 3577 0x0000027740e9d010 code [0x0000027740e9d1a0, 0x0000027740e9d690]
Event: 8.569 Thread 0x000002775625b000 3579       1       java.util.Collections::emptyList (4 bytes)
Event: 8.569 Thread 0x000002775625b000 nmethod 3579 0x0000027740e9d890 code [0x0000027740e9d9e0, 0x0000027740e9dad8]
Event: 8.569 Thread 0x000002775625b000 3578       3       java.util.ArrayList::removeAll (12 bytes)
Event: 8.570 Thread 0x000002775625b000 nmethod 3578 0x0000027740e9db50 code [0x0000027740e9dce0, 0x0000027740e9dfc0]
Event: 8.570 Thread 0x000002775625b000 3580       3       org.aspectj.weaver.reflect.ReflectionBasedReferenceTypeDelegateFactory::createResolvedMember (41 bytes)
Event: 8.570 Thread 0x000002775625b000 nmethod 3580 0x0000027740e9e110 code [0x0000027740e9e2c0, 0x0000027740e9e9b0]
Event: 8.570 Thread 0x000002775625b000 3581       3       org.aspectj.weaver.reflect.ReflectionBasedReferenceTypeDelegateFactory::createResolvedMethod (88 bytes)
Event: 8.571 Thread 0x000002775625b000 

Event: 8.603 Thread 0x0000027756258800 


GC Heap History (10 events):
Event: 3.787 GC heap before
{Heap before GC invocations=6 (full 1):
 PSYoungGen      total 71680K, used 5100K [0x00000000d5d80000, 0x00000000df080000, 0x0000000100000000)
  eden space 66560K, 0% used [0x00000000d5d80000,0x00000000d5d80000,0x00000000d9e80000)
  from space 5120K, 99% used [0x00000000d9e80000,0x00000000da37b078,0x00000000da380000)
  to   space 8704K, 0% used [0x00000000de800000,0x00000000de800000,0x00000000df080000)
 ParOldGen       total 87552K, used 5392K [0x0000000081800000, 0x0000000086d80000, 0x00000000d5d80000)
  object space 87552K, 6% used [0x0000000081800000,0x0000000081d44388,0x0000000086d80000)
 Metaspace       used 20407K, capacity 21206K, committed 21296K, reserved 1067008K
  class space    used 2660K, capacity 2864K, committed 2944K, reserved 1048576K
Event: 3.821 GC heap after
Heap after GC invocations=6 (full 1):
 PSYoungGen      total 71680K, used 0K [0x00000000d5d80000, 0x00000000df080000, 0x0000000100000000)
  eden space 66560K, 0% used [0x00000000d5d80000,0x00000000d5d80000,0x00000000d9e80000)
  from space 5120K, 0% used [0x00000000d9e80000,0x00000000d9e80000,0x00000000da380000)
  to   space 8704K, 0% used [0x00000000de800000,0x00000000de800000,0x00000000df080000)
 ParOldGen       total 52736K, used 8053K [0x0000000081800000, 0x0000000084b80000, 0x00000000d5d80000)
  object space 52736K, 15% used [0x0000000081800000,0x0000000081fdd620,0x0000000084b80000)
 Metaspace       used 20407K, capacity 21206K, committed 21296K, reserved 1067008K
  class space    used 2660K, capacity 2864K, committed 2944K, reserved 1048576K
}
Event: 5.789 GC heap before
{Heap before GC invocations=7 (full 1):
 PSYoungGen      total 71680K, used 66560K [0x00000000d5d80000, 0x00000000df080000, 0x0000000100000000)
  eden space 66560K, 100% used [0x00000000d5d80000,0x00000000d9e80000,0x00000000d9e80000)
  from space 5120K, 0% used [0x00000000d9e80000,0x00000000d9e80000,0x00000000da380000)
  to   space 8704K, 0% used [0x00000000de800000,0x00000000de800000,0x00000000df080000)
 ParOldGen       total 52736K, used 8053K [0x0000000081800000, 0x0000000084b80000, 0x00000000d5d80000)
  object space 52736K, 15% used [0x0000000081800000,0x0000000081fdd620,0x0000000084b80000)
 Metaspace       used 25066K, capacity 26076K, committed 26368K, reserved 1073152K
  class space    used 3273K, capacity 3505K, committed 3584K, reserved 1048576K
Event: 5.799 GC heap after
Heap after GC invocations=7 (full 1):
 PSYoungGen      total 122368K, used 7215K [0x00000000d5d80000, 0x00000000def80000, 0x0000000100000000)
  eden space 114688K, 0% used [0x00000000d5d80000,0x00000000d5d80000,0x00000000dcd80000)
  from space 7680K, 93% used [0x00000000de800000,0x00000000def0bca0,0x00000000def80000)
  to   space 9216K, 0% used [0x00000000ddd80000,0x00000000ddd80000,0x00000000de680000)
 ParOldGen       total 52736K, used 8053K [0x0000000081800000, 0x0000000084b80000, 0x00000000d5d80000)
  object space 52736K, 15% used [0x0000000081800000,0x0000000081fdd620,0x0000000084b80000)
 Metaspace       used 25066K, capacity 26076K, committed 26368K, reserved 1073152K
  class space    used 3273K, capacity 3505K, committed 3584K, reserved 1048576K
}
Event: 7.086 GC heap before
{Heap before GC invocations=8 (full 1):
 PSYoungGen      total 122368K, used 121903K [0x00000000d5d80000, 0x00000000def80000, 0x0000000100000000)
  eden space 114688K, 100% used [0x00000000d5d80000,0x00000000dcd80000,0x00000000dcd80000)
  from space 7680K, 93% used [0x00000000de800000,0x00000000def0bca0,0x00000000def80000)
  to   space 9216K, 0% used [0x00000000ddd80000,0x00000000ddd80000,0x00000000de680000)
 ParOldGen       total 52736K, used 8053K [0x0000000081800000, 0x0000000084b80000, 0x00000000d5d80000)
  object space 52736K, 15% used [0x0000000081800000,0x0000000081fdd620,0x0000000084b80000)
 Metaspace       used 29185K, capacity 30352K, committed 30592K, reserved 1075200K
  class space    used 3838K, capacity 4097K, committed 4224K, reserved 1048576K
Event: 7.099 GC heap after
Heap after GC invocations=8 (full 1):
 PSYoungGen      total 140288K, used 9204K [0x00000000d5d80000, 0x00000000e2f80000, 0x0000000100000000)
  eden space 131072K, 0% used [0x00000000d5d80000,0x00000000d5d80000,0x00000000ddd80000)
  from space 9216K, 99% used [0x00000000ddd80000,0x00000000de67d038,0x00000000de680000)
  to   space 10752K, 0% used [0x00000000e2500000,0x00000000e2500000,0x00000000e2f80000)
 ParOldGen       total 52736K, used 8579K [0x0000000081800000, 0x0000000084b80000, 0x00000000d5d80000)
  object space 52736K, 16% used [0x0000000081800000,0x0000000082060d58,0x0000000084b80000)
 Metaspace       used 29185K, capacity 30352K, committed 30592K, reserved 1075200K
  class space    used 3838K, capacity 4097K, committed 4224K, reserved 1048576K
}
Event: 7.990 GC heap before
{Heap before GC invocations=9 (full 1):
 PSYoungGen      total 140288K, used 62667K [0x00000000d5d80000, 0x00000000e2f80000, 0x0000000100000000)
  eden space 131072K, 40% used [0x00000000d5d80000,0x00000000d91b5e28,0x00000000ddd80000)
  from space 9216K, 99% used [0x00000000ddd80000,0x00000000de67d038,0x00000000de680000)
  to   space 10752K, 0% used [0x00000000e2500000,0x00000000e2500000,0x00000000e2f80000)
 ParOldGen       total 52736K, used 8579K [0x0000000081800000, 0x0000000084b80000, 0x00000000d5d80000)
  object space 52736K, 16% used [0x0000000081800000,0x0000000082060d58,0x0000000084b80000)
 Metaspace       used 33714K, capacity 35332K, committed 35496K, reserved 1079296K
  class space    used 4429K, capacity 4751K, committed 4864K, reserved 1048576K
Event: 8.008 GC heap after
Heap after GC invocations=9 (full 1):
 PSYoungGen      total 203264K, used 10221K [0x00000000d5d80000, 0x00000000e4c80000, 0x0000000100000000)
  eden space 192512K, 0% used [0x00000000d5d80000,0x00000000d5d80000,0x00000000e1980000)
  from space 10752K, 95% used [0x00000000e2500000,0x00000000e2efb4c8,0x00000000e2f80000)
  to   space 11776K, 0% used [0x00000000e1980000,0x00000000e1980000,0x00000000e2500000)
 ParOldGen       total 52736K, used 8587K [0x0000000081800000, 0x0000000084b80000, 0x00000000d5d80000)
  object space 52736K, 16% used [0x0000000081800000,0x0000000082062d58,0x0000000084b80000)
 Metaspace       used 33714K, capacity 35332K, committed 35496K, reserved 1079296K
  class space    used 4429K, capacity 4751K, committed 4864K, reserved 1048576K
}
Event: 8.008 GC heap before
{Heap before GC invocations=10 (full 2):
 PSYoungGen      total 203264K, used 10221K [0x00000000d5d80000, 0x00000000e4c80000, 0x0000000100000000)
  eden space 192512K, 0% used [0x00000000d5d80000,0x00000000d5d80000,0x00000000e1980000)
  from space 10752K, 95% used [0x00000000e2500000,0x00000000e2efb4c8,0x00000000e2f80000)
  to   space 11776K, 0% used [0x00000000e1980000,0x00000000e1980000,0x00000000e2500000)
 ParOldGen       total 52736K, used 8587K [0x0000000081800000, 0x0000000084b80000, 0x00000000d5d80000)
  object space 52736K, 16% used [0x0000000081800000,0x0000000082062d58,0x0000000084b80000)
 Metaspace       used 33714K, capacity 35332K, committed 35496K, reserved 1079296K
  class space    used 4429K, capacity 4751K, committed 4864K, reserved 1048576K
Event: 8.090 GC heap after
Heap after GC invocations=10 (full 2):
 PSYoungGen      total 203264K, used 0K [0x00000000d5d80000, 0x00000000e4c80000, 0x0000000100000000)
  eden space 192512K, 0% used [0x00000000d5d80000,0x00000000d5d80000,0x00000000e1980000)
  from space 10752K, 0% used [0x00000000e2500000,0x00000000e2500000,0x00000000e2f80000)
  to   space 11776K, 0% used [0x00000000e1980000,0x00000000e1980000,0x00000000e2500000)
 ParOldGen       total 52736K, used 14849K [0x0000000081800000, 0x0000000084b80000, 0x00000000d5d80000)
  object space 52736K, 28% used [0x0000000081800000,0x00000000826807b0,0x0000000084b80000)
 Metaspace       used 33714K, capacity 35332K, committed 35496K, reserved 1079296K
  class space    used 4429K, capacity 4751K, committed 4864K, reserved 1048576K
}

Deoptimization events (10 events):
Event: 8.244 Thread 0x000002773ea47000 Uncommon trap: reason=unstable_if action=reinterpret pc=0x0000027740bc8ff0 method=java.io.WinNTFileSystem.normalizePrefix(Ljava/lang/String;ILjava/lang/StringBuffer;)I @ 62
Event: 8.246 Thread 0x000002773ea47000 Uncommon trap: reason=null_check action=make_not_entrant pc=0x0000027740d2e50c method=java.net.URL.getURLStreamHandler(Ljava/lang/String;)Ljava/net/URLStreamHandler; @ 7
Event: 8.252 Thread 0x000002773ea47000 Uncommon trap: reason=class_check action=maybe_recompile pc=0x000002774093a0f8 method=java.util.zip.InflaterInputStream.read([BII)I @ 100
Event: 8.252 Thread 0x000002773ea47000 Uncommon trap: reason=class_check action=maybe_recompile pc=0x000002774093a0f8 method=java.util.zip.InflaterInputStream.read([BII)I @ 100
Event: 8.253 Thread 0x000002773ea47000 Uncommon trap: reason=class_check action=maybe_recompile pc=0x000002774093a0f8 method=java.util.zip.InflaterInputStream.read([BII)I @ 100
Event: 8.253 Thread 0x000002773ea47000 Uncommon trap: reason=class_check action=maybe_recompile pc=0x000002774093a0f8 method=java.util.zip.InflaterInputStream.read([BII)I @ 100
Event: 8.355 Thread 0x000002773ea47000 Uncommon trap: reason=unstable_if action=reinterpret pc=0x0000027740e2ebf4 method=java.util.jar.Attributes$Name.isAlpha(C)Z @ 21
Event: 8.355 Thread 0x000002773ea47000 Uncommon trap: reason=unstable_if action=reinterpret pc=0x0000027740df1e48 method=java.util.jar.Attributes$Name.isAlpha(C)Z @ 21
Event: 8.386 Thread 0x000002773ea47000 Uncommon trap: reason=unstable_if action=reinterpret pc=0x0000027740ba8984 method=java.io.WinNTFileSystem.normalizePrefix(Ljava/lang/String;ILjava/lang/StringBuffer;)I @ 62
Event: 8.394 Thread 0x000002773ea47000 Uncommon trap: reason=unstable_if action=reinterpret pc=0x0000027740e2da04 method=java.lang.StringCoding.decode(Ljava/lang/String;[BII)[C @ 38

Classes redefined (0 events):
No events

Internal exceptions (10 events):
Event: 7.650 Thread 0x000002773ea47000 Exception <a 'java/lang/NoSuchMethodError': java.lang.Object.lambda$and$0(Ljava/util/function/Predicate;Ljava/lang/Object;)Z> (0x00000000d87cd4d8) thrown at [C:\jenkins\workspace\8-2-build-windows-amd64-cygwin\jdk8u271\605\hotspot\src\share\vm\interpreter
Event: 8.246 Thread 0x000002773ea47000 Implicit null exception at 0x0000027740d2b907 to 0x0000027740d2e501
Event: 8.457 Thread 0x000002773ea47000 Exception <a 'java/io/FileNotFoundException'> (0x00000000d7fc5128) thrown at [C:\jenkins\workspace\8-2-build-windows-amd64-cygwin\jdk8u271\605\hotspot\src\share\vm\prims\jni.cpp, line 710]
Event: 8.493 Thread 0x000002773ea47000 Exception <a 'java/lang/NoSuchMethodError': java.lang.Object.lambda$static$0(Lio/micrometer/core/instrument/Timer$Builder;)V> (0x00000000d8207518) thrown at [C:\jenkins\workspace\8-2-build-windows-amd64-cygwin\jdk8u271\605\hotspot\src\share\vm\interpreter
Event: 8.510 Thread 0x000002773ea47000 Exception <a 'java/lang/NoSuchMethodError': java.lang.Object.lambda$static$0(Ljava/lang/String;)Ljava/lang/String;> (0x00000000d8326fc0) thrown at [C:\jenkins\workspace\8-2-build-windows-amd64-cygwin\jdk8u271\605\hotspot\src\share\vm\interpreter\linkResol
Event: 8.527 Thread 0x000002773ea47000 Exception <a 'java/lang/NoSuchMethodError': java.lang.Object.lambda$static$0(Ljava/lang/String;Lio/micrometer/core/instrument/Meter$Type;Ljava/lang/String;)Ljava/lang/String;> (0x00000000d849ead8) thrown at [C:\jenkins\workspace\8-2-build-windows-amd64-cy
Event: 8.530 Thread 0x000002773ea47000 Exception <a 'java/lang/IncompatibleClassChangeError': Found class java.lang.Object, but interface was expected> (0x00000000d84eefc8) thrown at [C:\jenkins\workspace\8-2-build-windows-amd64-cygwin\jdk8u271\605\hotspot\src\share\vm\interpreter\linkResolver
Event: 8.532 Thread 0x000002773ea47000 Exception <a 'java/lang/IncompatibleClassChangeError': Found class java.lang.Object, but interface was expected> (0x00000000d8510bc8) thrown at [C:\jenkins\workspace\8-2-build-windows-amd64-cygwin\jdk8u271\605\hotspot\src\share\vm\interpreter\linkResolver
Event: 8.556 Thread 0x000002773ea47000 Exception <a 'java/lang/IncompatibleClassChangeError': Found class java.lang.Object, but interface was expected> (0x00000000d85803e8) thrown at [C:\jenkins\workspace\8-2-build-windows-amd64-cygwin\jdk8u271\605\hotspot\src\share\vm\interpreter\linkResolver
Event: 8.557 Thread 0x000002773ea47000 Exception <a 'java/lang/NoSuchMethodError': java.lang.Object.lambda$failures$0(Lio/micrometer/core/instrument/config/validate/Validated;)Lio/micrometer/core/instrument/config/validate/Validated$Invalid;> (0x00000000d859b4b0) thrown at [C:\jenkins\workspac

Events (10 events):
Event: 8.614 loading class sun/management/OperatingSystemImpl
Event: 8.614 loading class com/sun/management/OperatingSystemMXBean
Event: 8.614 loading class java/lang/management/OperatingSystemMXBean
Event: 8.614 loading class java/lang/management/OperatingSystemMXBean done
Event: 8.614 loading class com/sun/management/OperatingSystemMXBean done
Event: 8.614 loading class sun/management/BaseOperatingSystemImpl
Event: 8.614 loading class sun/management/BaseOperatingSystemImpl done
Event: 8.614 loading class sun/management/OperatingSystemImpl done
Event: 8.614 loading class com/ibm/lang/management/OperatingSystemMXBean
Event: 8.614 loading class com/ibm/lang/management/OperatingSystemMXBean done


Dynamic libraries:
0x00007ff7606c0000 - 0x00007ff760707000 	C:\Program Files\Java\jdk1.8.0_271\bin\java.exe
0x00007ffbabc70000 - 0x00007ffbabe42000 	C:\WINDOWS\SYSTEM32\ntdll.dll
0x00007ffba9cd0000 - 0x00007ffba9d7c000 	C:\WINDOWS\System32\KERNEL32.DLL
0x00007ffba83f0000 - 0x00007ffba860d000 	C:\WINDOWS\System32\KERNELBASE.dll
0x00007ffba9200000 - 0x00007ffba92a2000 	C:\WINDOWS\System32\ADVAPI32.dll
0x00007ffbab8e0000 - 0x00007ffbab97e000 	C:\WINDOWS\System32\msvcrt.dll
0x00007ffbab980000 - 0x00007ffbab9d9000 	C:\WINDOWS\System32\sechost.dll
0x00007ffba9800000 - 0x00007ffba9921000 	C:\WINDOWS\System32\RPCRT4.dll
0x00007ffba9420000 - 0x00007ffba9585000 	C:\WINDOWS\System32\USER32.dll
0x00007ffba8ec0000 - 0x00007ffba8ede000 	C:\WINDOWS\System32\win32u.dll
0x00007ffba93c0000 - 0x00007ffba93f4000 	C:\WINDOWS\System32\GDI32.dll
0x00007ffba8270000 - 0x00007ffba83f0000 	C:\WINDOWS\System32\gdi32full.dll
0x00007ffb94c10000 - 0x00007ffb94e8a000 	C:\WINDOWS\WinSxS\amd64_microsoft.windows.common-controls_6595b64144ccf1df_6.0.14393.953_none_42151e83c686086b\COMCTL32.dll
0x00007ffba9940000 - 0x00007ffba9c08000 	C:\WINDOWS\System32\combase.dll
0x00007ffba8170000 - 0x00007ffba8265000 	C:\WINDOWS\System32\ucrtbase.dll
0x00007ffba8d40000 - 0x00007ffba8daa000 	C:\WINDOWS\System32\bcryptPrimitives.dll
0x00007ffbab9e0000 - 0x00007ffbaba0e000 	C:\WINDOWS\System32\IMM32.DLL
0x00007ffba5ed0000 - 0x00007ffba5ee5000 	C:\Program Files\Java\jdk1.8.0_271\jre\bin\vcruntime140.dll
0x00007ffb8ce60000 - 0x00007ffb8cefb000 	C:\Program Files\Java\jdk1.8.0_271\jre\bin\msvcp140.dll
0x000000006b9f0000 - 0x000000006c25f000 	C:\Program Files\Java\jdk1.8.0_271\jre\bin\server\jvm.dll
0x00007ffba92b0000 - 0x00007ffba92b8000 	C:\WINDOWS\System32\PSAPI.DLL
0x00007ffb944b0000 - 0x00007ffb944b9000 	C:\WINDOWS\SYSTEM32\WSOCK32.dll
0x00007ffba9ec0000 - 0x00007ffba9f2a000 	C:\WINDOWS\System32\WS2_32.dll
0x00007ffba60d0000 - 0x00007ffba60f3000 	C:\WINDOWS\SYSTEM32\WINMM.dll
0x00007ffb9ec60000 - 0x00007ffb9ec6a000 	C:\WINDOWS\SYSTEM32\VERSION.dll
0x00007ffba60a0000 - 0x00007ffba60cb000 	C:\WINDOWS\SYSTEM32\WINMMBASE.dll
0x00007ffba8610000 - 0x00007ffba8652000 	C:\WINDOWS\System32\cfgmgr32.dll
0x00007ffba8100000 - 0x00007ffba810f000 	C:\WINDOWS\System32\kernel.appcore.dll
0x00007ffba6050000 - 0x00007ffba6060000 	C:\Program Files\Java\jdk1.8.0_271\jre\bin\verify.dll
0x00007ffba5ea0000 - 0x00007ffba5ecb000 	C:\Program Files\Java\jdk1.8.0_271\jre\bin\java.dll
0x00007ffb962c0000 - 0x00007ffb962f0000 	C:\Program Files\Java\jdk1.8.0_271\jre\bin\instrument.dll
0x00007ffba5730000 - 0x00007ffba5748000 	C:\Program Files\Java\jdk1.8.0_271\jre\bin\zip.dll
0x00007ffba9f30000 - 0x00007ffbab439000 	C:\WINDOWS\System32\SHELL32.dll
0x00007ffba8660000 - 0x00007ffba8d39000 	C:\WINDOWS\System32\windows.storage.dll
0x00007ffba8110000 - 0x00007ffba815c000 	C:\WINDOWS\System32\powrprof.dll
0x00007ffbaba10000 - 0x00007ffbaba62000 	C:\WINDOWS\System32\shlwapi.dll
0x00007ffba8ee0000 - 0x00007ffba8f89000 	C:\WINDOWS\System32\shcore.dll
0x00007ffba80e0000 - 0x00007ffba80f4000 	C:\WINDOWS\System32\profapi.dll
0x00007ffb93180000 - 0x00007ffb9319a000 	C:\Program Files\JetBrains\IntelliJ IDEA Community Edition 2019.3.5\bin\breakgen64.dll
0x00007ffb93160000 - 0x00007ffb9317c000 	C:\Program Files\Java\jdk1.8.0_271\jre\bin\net.dll
0x00007ffba79b0000 - 0x00007ffba7a0c000 	C:\WINDOWS\system32\mswsock.dll
0x00007ffba7730000 - 0x00007ffba7768000 	C:\WINDOWS\SYSTEM32\IPHLPAPI.DLL
0x00007ffba97f0000 - 0x00007ffba97f8000 	C:\WINDOWS\System32\NSI.dll
0x00007ffba17a0000 - 0x00007ffba17b6000 	C:\WINDOWS\SYSTEM32\dhcpcsvc6.DLL
0x00007ffba16c0000 - 0x00007ffba16da000 	C:\WINDOWS\SYSTEM32\dhcpcsvc.DLL
0x00007ffba7770000 - 0x00007ffba7811000 	C:\WINDOWS\SYSTEM32\DNSAPI.dll
0x00007ffba5f80000 - 0x00007ffba5f8d000 	C:\Program Files\Java\jdk1.8.0_271\jre\bin\management.dll
0x00007ffb98140000 - 0x00007ffb98156000 	C:\WINDOWS\system32\napinsp.dll
0x00007ffb98120000 - 0x00007ffb9813a000 	C:\WINDOWS\system32\pnrpnsp.dll
0x00007ffba5cb0000 - 0x00007ffba5cc8000 	C:\WINDOWS\system32\NLAapi.dll
0x00007ffb98600000 - 0x00007ffb9860e000 	C:\WINDOWS\System32\winrnr.dll
0x00007ffb98100000 - 0x00007ffb98115000 	C:\WINDOWS\System32\wshbth.dll
0x00007ffb97a90000 - 0x00007ffb97a9a000 	C:\Windows\System32\rasadhlp.dll
0x00007ffba1a20000 - 0x00007ffba1a8a000 	C:\WINDOWS\System32\fwpuclnt.dll
0x00007ffba8020000 - 0x00007ffba804b000 	C:\WINDOWS\SYSTEM32\bcrypt.dll
0x00007ffb93110000 - 0x00007ffb93123000 	C:\Program Files\Java\jdk1.8.0_271\jre\bin\nio.dll
0x00007ffba7b50000 - 0x00007ffba7b67000 	C:\WINDOWS\SYSTEM32\CRYPTSP.dll
0x00007ffba75b0000 - 0x00007ffba75e3000 	C:\WINDOWS\system32\rsaenh.dll
0x00007ffba7830000 - 0x00007ffba784f000 	C:\WINDOWS\SYSTEM32\USERENV.dll
0x00007ffba7b70000 - 0x00007ffba7b7b000 	C:\WINDOWS\SYSTEM32\CRYPTBASE.dll
0x00007ffb99f80000 - 0x00007ffb9a112000 	C:\WINDOWS\SYSTEM32\dbghelp.dll

VM Arguments:
jvm_args: -javaagent:C:\Program Files\JetBrains\IntelliJ IDEA Community Edition 2019.3.5\lib\idea_rt.jar=55971:C:\Program Files\JetBrains\IntelliJ IDEA Community Edition 2019.3.5\bin -Dfile.encoding=UTF-8 
java_command: co.id.danafix.DanafixGatewayApplication
java_class_path (initial): C:\Program Files\Java\jdk1.8.0_271\jre\lib\charsets.jar;C:\Program Files\Java\jdk1.8.0_271\jre\lib\deploy.jar;C:\Program Files\Java\jdk1.8.0_271\jre\lib\ext\access-bridge-64.jar;C:\Program Files\Java\jdk1.8.0_271\jre\lib\ext\cldrdata.jar;C:\Program Files\Java\jdk1.8.0_271\jre\lib\ext\dnsns.jar;C:\Program Files\Java\jdk1.8.0_271\jre\lib\ext\jaccess.jar;C:\Program Files\Java\jdk1.8.0_271\jre\lib\ext\jfxrt.jar;C:\Program Files\Java\jdk1.8.0_271\jre\lib\ext\localedata.jar;C:\Program Files\Java\jdk1.8.0_271\jre\lib\ext\nashorn.jar;C:\Program Files\Java\jdk1.8.0_271\jre\lib\ext\sunec.jar;C:\Program Files\Java\jdk1.8.0_271\jre\lib\ext\sunjce_provider.jar;C:\Program Files\Java\jdk1.8.0_271\jre\lib\ext\sunmscapi.jar;C:\Program Files\Java\jdk1.8.0_271\jre\lib\ext\sunpkcs11.jar;C:\Program Files\Java\jdk1.8.0_271\jre\lib\ext\zipfs.jar;C:\Program Files\Java\jdk1.8.0_271\jre\lib\javaws.jar;C:\Program Files\Java\jdk1.8.0_271\jre\lib\jce.jar;C:\Program Files\Java\jdk1.8.0_271\jre\lib\jfr.jar;C:\Program Files\Java\jdk1.8.0_271\jre\lib\jfxswt.jar;C:\Program Files\Java\jdk1.8.0_271\jre\lib\jsse.jar;C:\Program Files\Java\jdk1.8.0_271\jre\lib\management-agent.jar;C:\Program Files\Java\jdk1.8.0_271\jre\lib\plugin.jar;C:\Program Files\Java\jdk1.8.0_271\jre\lib\resources.jar;C:\Program Files\Java\jdk1.8.0_271\jre\lib\rt.jar;C:\Users\Dicky Adriansyah\Documents\ProjectDickyTest\DANAFIX\danafix-gateway\target\classes;C:\Users\Dicky Adriansyah\.m2\repository\org\springframework\boot\spring-boot-starter-web\2.3.7.RELEASE\spring-boot-starter-web-2.3.7.RELEASE.jar;C:\Users\Dicky Adriansyah\.m2\repository\org\springframework\boot\spring-boot-starter\2.3.7.RELEASE\spring-boot-starter-2.3.7.RELEASE.jar;C:\Users\Dicky Adriansyah\.m2\repository\org\springframework\boot\spring-boot\2.3.7.RELEASE\spring-boot-2.3.7.RELEASE.jar;C:\Users\Dicky Adriansyah\.m2\repository\org\springframework\boot\spring-boot-autoconfigure\2.3.7.RELEASE\spring-boot-autoconfigure-2.3.7.RELEASE.jar;C
Launcher Type: SUN_STANDARD

Environment Variables:
JAVA_HOME=C:\Program Files\Java\jdk1.8.0_271
PATH=C:\Program Files\Docker\Docker\Resources\bin;C:\Program Files (x86)\Common Files\Oracle\Java\javapath;C:\Program Files (x86)\Intel\iCLS Client\;C:\Program Files\Intel\iCLS Client\;C:\WINDOWS\system32;C:\WINDOWS;C:\WINDOWS\System32\Wbem;C:\WINDOWS\System32\WindowsPowerShell\v1.0\;c:\Program Files\Intel\WiFi\bin\;c:\Program Files\Common Files\Intel\WirelessCommon\;C:\Program Files (x86)\Intel\Intel(R) Management Engine Components\DAL;C:\Program Files\Intel\Intel(R) Management Engine Components\DAL;C:\Program Files (x86)\Intel\Intel(R) Management Engine Components\IPT;C:\Program Files\Intel\Intel(R) Management Engine Components\IPT;C:\Program Files\Java\jdk1.8.0_271\bin;C:\Program Files\apache-maven-3.6.3\bin;C:\ProgramData\chocolatey\bin;C:\Program Files\PuTTY\;C:\Users\Dicky Adriansyah\AppData\Local\Microsoft\WindowsApps;C:\Users\Dicky Adriansyah\AppData\Local\Programs\Git\cmd;C:\Users\Dicky Adriansyah\AppData\Local\Programs\Git\mingw64\bin;C:\Users\Dicky Adriansyah\AppData\Local\Programs\Git\usr\bin
USERNAME=Dicky Adriansyah
OS=Windows_NT
PROCESSOR_IDENTIFIER=Intel64 Family 6 Model 78 Stepping 3, GenuineIntel



---------------  S Y S T E M  ---------------

OS: Windows 10.0 , 64 bit Build 14393 (10.0.14393.2214)

CPU:total 4 (initial active 4) (2 cores per cpu, 2 threads per core) family 6 model 78 stepping 3, cmov, cx8, fxsr, mmx, sse, sse2, sse3, ssse3, sse4.1, sse4.2, popcnt, avx, avx2, aes, clmul, erms, 3dnowpref, lzcnt, ht, tsc, tscinvbit, bmi1, bmi2, adx

Memory: 4k page, physical 8283572k(765804k free), swap 12477876k(3104k free)

vm_info: Java HotSpot(TM) 64-Bit Server VM (25.271-b09) for windows-amd64 JRE (1.8.0_271-b09), built on Sep 16 2020 19:14:59 by "" with MS VC++ 15.9 (VS2017)

time: Thu Jan  7 16:05:46 2021
timezone: SE Asia Standard Time
elapsed time: 8.630564 seconds (0d 0h 0m 8s)

